<?xml version="1.0" encoding="UTF-8"?>
<!-- Generated by org.testng.reporters.JUnitXMLReporter -->
<testsuite ignored="0" hostname="DESKTOP-1QASA0A" failures="0" tests="6" name="Default test" time="109.8" errors="0" timestamp="2020-06-26T16:40:47 IST">
  <testcase classname="com.flipkart.qa.testcases.SearchPageFKTest" name="verifyClickOnCloseBtnTest" time="0.89"/>
  <testcase classname="com.flipkart.qa.testcases.SearchPageFKTest" name="verifyHoverAndClickOnElectronicsTest" time="0.516"/>
  <testcase classname="com.flipkart.qa.testcases.SearchPageFKTest" name="verifyClickOnSamsungNavBtnTest" time="0.485"/>
  <testcase classname="com.flipkart.qa.testcases.SearchPageFKTest" name="verifySearchFunctionality" time="23.447"/>
  <testcase classname="com.flipkart.qa.testcases.SearchPageFKTest" name="verifyCompareBtnClick" time="0.371"/>
  <testcase classname="com.flipkart.qa.testcases.SearchPageFKTest" name="verifyComparePhones" time="33.221"/>
</testsuite> <!-- Default test -->
