<?xml version="1.0" encoding="UTF-8"?>
<testng-results ignored="0" total="6" passed="6" failed="0" skipped="0">
  <reporter-output>
  </reporter-output>
  <suite started-at="2020-06-26T16:38:57 IST" name="Default suite" finished-at="2020-06-26T16:40:47 IST" duration-ms="109800">
    <groups>
    </groups>
    <test started-at="2020-06-26T16:38:57 IST" name="Default test" finished-at="2020-06-26T16:40:47 IST" duration-ms="109800">
      <class name="com.flipkart.qa.testcases.SearchPageFKTest">
        <test-method is-config="true" signature="setUp()[pri:0, instance:com.flipkart.qa.testcases.SearchPageFKTest@47542153]" started-at="2020-06-26T16:38:57 IST" name="setUp" finished-at="2020-06-26T16:39:48 IST" duration-ms="50600" status="PASS">
          <reporter-output>
          </reporter-output>
        </test-method> <!-- setUp -->
        <test-method signature="verifyClickOnCloseBtnTest()[pri:1, instance:com.flipkart.qa.testcases.SearchPageFKTest@47542153]" started-at="2020-06-26T16:39:48 IST" name="verifyClickOnCloseBtnTest" finished-at="2020-06-26T16:39:49 IST" duration-ms="890" status="PASS">
          <reporter-output>
          </reporter-output>
        </test-method> <!-- verifyClickOnCloseBtnTest -->
        <test-method signature="verifyHoverAndClickOnElectronicsTest()[pri:2, instance:com.flipkart.qa.testcases.SearchPageFKTest@47542153]" started-at="2020-06-26T16:39:49 IST" name="verifyHoverAndClickOnElectronicsTest" finished-at="2020-06-26T16:39:49 IST" duration-ms="516" status="PASS">
          <reporter-output>
          </reporter-output>
        </test-method> <!-- verifyHoverAndClickOnElectronicsTest -->
        <test-method signature="verifyClickOnSamsungNavBtnTest()[pri:3, instance:com.flipkart.qa.testcases.SearchPageFKTest@47542153]" started-at="2020-06-26T16:39:49 IST" name="verifyClickOnSamsungNavBtnTest" finished-at="2020-06-26T16:39:50 IST" duration-ms="485" status="PASS">
          <reporter-output>
          </reporter-output>
        </test-method> <!-- verifyClickOnSamsungNavBtnTest -->
        <test-method signature="verifySearchFunctionality()[pri:4, instance:com.flipkart.qa.testcases.SearchPageFKTest@47542153]" started-at="2020-06-26T16:39:50 IST" name="verifySearchFunctionality" finished-at="2020-06-26T16:40:13 IST" duration-ms="23447" status="PASS">
          <reporter-output>
          </reporter-output>
        </test-method> <!-- verifySearchFunctionality -->
        <test-method signature="verifyCompareBtnClick()[pri:5, instance:com.flipkart.qa.testcases.SearchPageFKTest@47542153]" started-at="2020-06-26T16:40:13 IST" name="verifyCompareBtnClick" finished-at="2020-06-26T16:40:14 IST" duration-ms="371" status="PASS">
          <reporter-output>
          </reporter-output>
        </test-method> <!-- verifyCompareBtnClick -->
        <test-method signature="verifyComparePhones()[pri:6, instance:com.flipkart.qa.testcases.SearchPageFKTest@47542153]" started-at="2020-06-26T16:40:14 IST" name="verifyComparePhones" finished-at="2020-06-26T16:40:47 IST" duration-ms="33221" status="PASS">
          <reporter-output>
          </reporter-output>
        </test-method> <!-- verifyComparePhones -->
        <test-method is-config="true" signature="tearDown()[pri:0, instance:com.flipkart.qa.testcases.SearchPageFKTest@47542153]" started-at="2020-06-26T16:40:47 IST" name="tearDown" finished-at="2020-06-26T16:40:47 IST" duration-ms="3" status="PASS">
          <reporter-output>
          </reporter-output>
        </test-method> <!-- tearDown -->
      </class> <!-- com.flipkart.qa.testcases.SearchPageFKTest -->
    </test> <!-- Default test -->
  </suite> <!-- Default suite -->
</testng-results>
